2022-08-24 12:06:04.830  INFO 15916 --- [main] lavalink.server.Launcher                 : 

[32m       .  [31m _                  _ _       _    [32m__ _ _
[32m      /\\ [31m| | __ ___   ____ _| (_)_ __ | | __[32m\ \ \ \
[32m     ( ( )[31m| |/ _` \ \ / / _` | | | '_ \| |/ /[32m \ \ \ \
[32m      \\/ [31m| | (_| |\ V / (_| | | | | | |   < [32m  ) ) ) )
[32m       '  [31m|_|\__,_| \_/ \__,_|_|_|_| |_|_|\_\[32m / / / /
[0m    =========================================[32m/_/_/_/[0m

	Version:        3.4
	Build:          1257
	Build time:     26.10.2021 14:18:37 UTC
	Branch          master
	Commit:         a364833
	Commit time:    26.10.2021 14:15:20 UTC
	JVM:            17.0.2
	Lavaplayer      1.3.96-original

2022-08-24 12:06:04.890  INFO 15916 --- [main] o.s.boot.SpringApplication               : 
  .   ____          _            __ _ _
 /\\ / ___'_ __ _ _(_)_ __  __ _ \ \ \ \
( ( )\___ | '_ | '_| | '_ \/ _` | \ \ \ \
 \\/  ___)| |_)| | | | | || (_| |  ) ) ) )
  '  |____| .__|_| |_|_| |_\__, | / / / /
 =========|_|==============|___/=/_/_/_/
 :: Spring Boot ::        (v2.1.8.RELEASE)


2022-08-24 12:06:05.019  INFO 15916 --- [main] lavalink.server.Launcher                 : Starting Launcher on LAPTOP-T58EIKTN with PID 15916 (D:\Hobby\Ruka5.0\Lavalink.jar started by omch1 in D:\Hobby\Ruka5.0)
2022-08-24 12:06:05.020  INFO 15916 --- [main] lavalink.server.Launcher                 : No active profile set, falling back to default profiles: default
2022-08-24 12:06:05.130  WARN 15916 --- [background-preinit] o.s.h.c.j.Jackson2ObjectMapperBuilder    : For Jackson Kotlin classes support please add "com.fasterxml.jackson.module:jackson-module-kotlin" to the classpath
2022-08-24 12:06:06.911  WARN 15916 --- [main] io.undertow.websockets.jsr               : UT026010: Buffer pool was not set on WebSocketDeploymentInfo, the default pool will be used
2022-08-24 12:06:06.945  INFO 15916 --- [main] io.undertow.servlet                      : Initializing Spring embedded WebApplicationContext
2022-08-24 12:06:06.946  INFO 15916 --- [main] o.s.web.context.ContextLoader            : Root WebApplicationContext: initialization completed in 1860 ms
2022-08-24 12:06:07.623  WARN 15916 --- [main] l.server.config.SentryConfiguration      : Turning off sentry
2022-08-24 12:06:08.343  INFO 15916 --- [main] c.s.d.l.tools.GarbageCollectionMonitor   : GC monitoring enabled, reporting results every 2 minutes.
2022-08-24 12:06:08.833  INFO 15916 --- [main] lavalink.server.config.KoeConfiguration  : OS: Windows 10, Arch: amd64
2022-08-24 12:06:08.834  WARN 15916 --- [main] lavalink.server.config.KoeConfiguration  : This system and architecture appears to not support native audio sending! GC pauses may cause your bot to stutter during playback.
2022-08-24 12:06:09.159  INFO 15916 --- [main] o.s.s.concurrent.ThreadPoolTaskExecutor  : Initializing ExecutorService 'applicationTaskExecutor'
2022-08-24 12:06:09.620  INFO 15916 --- [main] org.xnio                                 : XNIO version 3.3.8.Final
2022-08-24 12:06:09.635  INFO 15916 --- [main] org.xnio.nio                             : XNIO NIO Implementation Version 3.3.8.Final
2022-08-24 12:06:09.744  INFO 15916 --- [main] o.s.b.w.e.u.UndertowServletWebServer     : Undertow started on port(s) 2333 (http) with context path ''
2022-08-24 12:06:09.750  INFO 15916 --- [main] lavalink.server.Launcher                 : Started Launcher in 5.549 seconds (JVM running for 6.77)
2022-08-24 12:06:09.751  INFO 15916 --- [main] lavalink.server.Launcher                 : You can safely ignore the big red warning about illegal reflection. See https://github.com/freyacodes/Lavalink/issues/295
2022-08-24 12:06:12.906  INFO 15916 --- [XNIO-1 task-1] io.undertow.servlet                      : Initializing Spring DispatcherServlet 'dispatcherServlet'
2022-08-24 12:06:12.907  INFO 15916 --- [XNIO-1 task-1] o.s.web.servlet.DispatcherServlet        : Initializing Servlet 'dispatcherServlet'
2022-08-24 12:06:12.917  INFO 15916 --- [XNIO-1 task-1] o.s.web.servlet.DispatcherServlet        : Completed initialization in 9 ms
2022-08-24 12:06:12.962  INFO 15916 --- [XNIO-1 task-1] l.server.player.AudioLoaderRestHandler   : Got request to load for identifier "ytsearch:$$$"
2022-08-24 12:06:13.949  INFO 15916 --- [lava-daemon-pool-info-loader-2-thread-1] lavalink.server.player.AudioLoader       : Loaded playlist Search results for: $$$
2022-08-24 12:06:32.864  INFO 15916 --- [XNIO-1 task-3] l.server.player.AudioLoaderRestHandler   : Got request to load for identifier "ytsearch:$$$"
2022-08-24 12:06:33.319  INFO 15916 --- [lava-daemon-pool-info-loader-2-thread-1] lavalink.server.player.AudioLoader       : Loaded playlist Search results for: $$$
2022-08-24 12:06:47.713  INFO 15916 --- [XNIO-1 task-5] l.server.io.HandshakeInterceptorImpl     : Incoming connection from /127.0.0.1:64874
2022-08-24 12:06:47.805  INFO 15916 --- [XNIO-1 task-5] lavalink.server.io.SocketServer          : Connection successfully established from lavadeno
2022-08-24 12:06:53.720  INFO 15916 --- [XNIO-1 task-6] l.server.player.AudioLoaderRestHandler   : Got request to load for identifier "ytsearch:suge"
2022-08-24 12:06:53.797  INFO 15916 --- [XNIO-1 I/O-6] lavalink.server.io.SocketServer          : {"op":"voiceUpdate","guildId":"931999795948712076","sessionId":"e76e55f6b3b49090fce333a6a636c771","event":{"token":"38d908fc63b39ac2","guild_id":"931999795948712076","endpoint":"us-east10004.discord.media:443"}}
2022-08-24 12:06:54.205  INFO 15916 --- [lava-daemon-pool-info-loader-2-thread-1] lavalink.server.player.AudioLoader       : Loaded playlist Search results for: suge
2022-08-24 12:06:54.497  INFO 15916 --- [XNIO-1 I/O-6] lavalink.server.io.SocketServer          : {"op":"play","track":"QAAAjAIALERhYmFieSAtIFN1Z2UgKFllYSBZZWEpIE9mZmljaWFsIE11c2ljIFZpZGVvAAZEYUJhYnkAAAAAAANu6AALS3Z1UU5OVnJidE0AAQAraHR0cHM6Ly93d3cueW91dHViZS5jb20vd2F0Y2g/dj1LdnVRTk5WcmJ0TQAHeW91dHViZQAAAAAAAAAA","guildId":"931999795948712076"}
2022-08-24 12:07:04.959  INFO 15916 --- [XNIO-1 I/O-6] lavalink.server.io.SocketServer          : Connection closed from /127.0.0.1:64874 -- CloseStatus[code=1006, reason=]
2022-08-24 12:07:04.960  INFO 15916 --- [XNIO-1 I/O-6] lavalink.server.io.SocketContext         : Shutting down 1 playing players.
2022-08-24 12:09:14.128  INFO 15916 --- [XNIO-1 task-8] l.server.io.HandshakeInterceptorImpl     : Incoming connection from /127.0.0.1:64908
2022-08-24 12:09:14.132  INFO 15916 --- [XNIO-1 task-8] lavalink.server.io.SocketServer          : Connection successfully established from lavadeno
2022-08-24 12:09:21.541  INFO 15916 --- [XNIO-1 task-9] l.server.player.AudioLoaderRestHandler   : Got request to load for identifier "ytsearch:suge"
2022-08-24 12:09:21.596  INFO 15916 --- [XNIO-1 I/O-8] lavalink.server.io.SocketServer          : {"op":"voiceUpdate","guildId":"931999795948712076","sessionId":"f79fe75754a002226d70339353b64a71","event":{"token":"6eab2f70117a6a46","guild_id":"931999795948712076","endpoint":"us-east10004.discord.media:443"}}
2022-08-24 12:09:22.001  INFO 15916 --- [lava-daemon-pool-info-loader-2-thread-1] lavalink.server.player.AudioLoader       : Loaded playlist Search results for: suge
2022-08-24 12:09:22.331  INFO 15916 --- [XNIO-1 I/O-8] lavalink.server.io.SocketServer          : {"op":"play","track":"QAAAjAIALERhYmFieSAtIFN1Z2UgKFllYSBZZWEpIE9mZmljaWFsIE11c2ljIFZpZGVvAAZEYUJhYnkAAAAAAANu6AALS3Z1UU5OVnJidE0AAQAraHR0cHM6Ly93d3cueW91dHViZS5jb20vd2F0Y2g/dj1LdnVRTk5WcmJ0TQAHeW91dHViZQAAAAAAAAAA","guildId":"931999795948712076"}
2022-08-24 12:09:34.890  INFO 15916 --- [XNIO-1 I/O-8] lavalink.server.io.SocketServer          : {"op":"stop","guildId":"931999795948712076"}
2022-08-24 12:09:34.972  INFO 15916 --- [XNIO-1 I/O-8] lavalink.server.io.SocketServer          : {"op":"destroy","guildId":"931999795948712076"}
2022-08-24 12:09:34.975  INFO 15916 --- [XNIO-1 I/O-8] lavalink.server.io.SocketServer          : {"op":"stop","guildId":"931999795948712076"}
2022-08-24 12:09:34.976  INFO 15916 --- [XNIO-1 I/O-8] lavalink.server.io.SocketServer          : {"op":"destroy","guildId":"931999795948712076"}
2022-08-24 12:10:18.365  INFO 15916 --- [XNIO-1 task-11] l.server.player.AudioLoaderRestHandler   : Got request to load for identifier "ytsearch:suge"
2022-08-24 12:10:18.426  INFO 15916 --- [XNIO-1 I/O-8] lavalink.server.io.SocketServer          : {"op":"voiceUpdate","guildId":"1002503868007055391","sessionId":"f79fe75754a002226d70339353b64a71","event":{"token":"abc9c90b31fe147e","guild_id":"1002503868007055391","endpoint":"us-east6516.discord.media:443"}}
2022-08-24 12:10:18.811  INFO 15916 --- [lava-daemon-pool-info-loader-2-thread-1] lavalink.server.player.AudioLoader       : Loaded playlist Search results for: suge
2022-08-24 12:10:19.265  INFO 15916 --- [XNIO-1 I/O-8] lavalink.server.io.SocketServer          : {"op":"play","track":"QAAAjAIALERhYmFieSAtIFN1Z2UgKFllYSBZZWEpIE9mZmljaWFsIE11c2ljIFZpZGVvAAZEYUJhYnkAAAAAAANu6AALS3Z1UU5OVnJidE0AAQAraHR0cHM6Ly93d3cueW91dHViZS5jb20vd2F0Y2g/dj1LdnVRTk5WcmJ0TQAHeW91dHViZQAAAAAAAAAA","guildId":"1002503868007055391"}
2022-08-24 12:10:26.980  INFO 15916 --- [XNIO-1 I/O-8] lavalink.server.io.SocketServer          : {"op":"stop","guildId":"1002503868007055391"}
2022-08-24 12:10:27.100  INFO 15916 --- [XNIO-1 I/O-8] lavalink.server.io.SocketServer          : {"op":"destroy","guildId":"1002503868007055391"}
2022-08-24 12:10:27.103  INFO 15916 --- [XNIO-1 I/O-8] lavalink.server.io.SocketServer          : {"op":"stop","guildId":"1002503868007055391"}
2022-08-24 12:10:27.105  INFO 15916 --- [XNIO-1 I/O-8] lavalink.server.io.SocketServer          : {"op":"destroy","guildId":"1002503868007055391"}
2022-08-24 12:11:29.369  INFO 15916 --- [XNIO-1 I/O-8] lavalink.server.io.SocketServer          : Connection closed from /127.0.0.1:64908 -- CloseStatus[code=1006, reason=]
2022-08-24 12:11:29.369  INFO 15916 --- [XNIO-1 I/O-8] lavalink.server.io.SocketContext         : Shutting down 0 playing players.
2022-08-24 12:11:31.299  INFO 15916 --- [XNIO-1 task-13] l.server.io.HandshakeInterceptorImpl     : Incoming connection from /127.0.0.1:50889
2022-08-24 12:11:31.303  INFO 15916 --- [XNIO-1 task-13] lavalink.server.io.SocketServer          : Connection successfully established from lavadeno
2022-08-24 12:11:35.160  INFO 15916 --- [XNIO-1 task-14] l.server.player.AudioLoaderRestHandler   : Got request to load for identifier "ytsearch:suge"
2022-08-24 12:11:35.301  INFO 15916 --- [XNIO-1 I/O-13] lavalink.server.io.SocketServer          : {"op":"voiceUpdate","guildId":"1002503868007055391","sessionId":"e3fdea71c86d2cf71e17b26e5655e05d","event":{"token":"0c3b43376565052a","guild_id":"1002503868007055391","endpoint":"us-east6516.discord.media:443"}}
2022-08-24 12:11:35.605  INFO 15916 --- [lava-daemon-pool-info-loader-2-thread-1] lavalink.server.player.AudioLoader       : Loaded playlist Search results for: suge
2022-08-24 12:11:35.773  INFO 15916 --- [XNIO-1 I/O-13] lavalink.server.io.SocketServer          : {"op":"play","track":"QAAAjAIALERhYmFieSAtIFN1Z2UgKFllYSBZZWEpIE9mZmljaWFsIE11c2ljIFZpZGVvAAZEYUJhYnkAAAAAAANu6AALS3Z1UU5OVnJidE0AAQAraHR0cHM6Ly93d3cueW91dHViZS5jb20vd2F0Y2g/dj1LdnVRTk5WcmJ0TQAHeW91dHViZQAAAAAAAAAA","guildId":"1002503868007055391"}
2022-08-24 12:11:39.516  INFO 15916 --- [XNIO-1 I/O-13] lavalink.server.io.SocketServer          : {"op":"stop","guildId":"1002503868007055391"}
2022-08-24 12:11:39.608  INFO 15916 --- [XNIO-1 I/O-13] lavalink.server.io.SocketServer          : {"op":"destroy","guildId":"1002503868007055391"}
2022-08-24 12:11:39.611  INFO 15916 --- [XNIO-1 I/O-13] lavalink.server.io.SocketServer          : {"op":"stop","guildId":"1002503868007055391"}
2022-08-24 12:11:39.612  INFO 15916 --- [XNIO-1 I/O-13] lavalink.server.io.SocketServer          : {"op":"destroy","guildId":"1002503868007055391"}
2022-08-24 12:13:41.976  INFO 15916 --- [XNIO-1 task-16] l.server.player.AudioLoaderRestHandler   : Got request to load for identifier "ytsearch:suge"
2022-08-24 12:13:42.108  INFO 15916 --- [XNIO-1 I/O-13] lavalink.server.io.SocketServer          : {"op":"voiceUpdate","guildId":"1002503868007055391","sessionId":"e3fdea71c86d2cf71e17b26e5655e05d","event":{"token":"af7c3ea8bf80b80f","guild_id":"1002503868007055391","endpoint":"us-east6516.discord.media:443"}}
2022-08-24 12:13:42.398  INFO 15916 --- [lava-daemon-pool-info-loader-2-thread-1] lavalink.server.player.AudioLoader       : Loaded playlist Search results for: suge
2022-08-24 12:13:42.588  INFO 15916 --- [XNIO-1 I/O-13] lavalink.server.io.SocketServer          : {"op":"play","track":"QAAAjAIALERhYmFieSAtIFN1Z2UgKFllYSBZZWEpIE9mZmljaWFsIE11c2ljIFZpZGVvAAZEYUJhYnkAAAAAAANu6AALS3Z1UU5OVnJidE0AAQAraHR0cHM6Ly93d3cueW91dHViZS5jb20vd2F0Y2g/dj1LdnVRTk5WcmJ0TQAHeW91dHViZQAAAAAAAAAA","guildId":"1002503868007055391"}
2022-08-24 12:13:47.943  INFO 15916 --- [XNIO-1 I/O-13] lavalink.server.io.SocketServer          : {"op":"stop","guildId":"1002503868007055391"}
2022-08-24 12:13:48.039  INFO 15916 --- [XNIO-1 I/O-13] lavalink.server.io.SocketServer          : {"op":"destroy","guildId":"1002503868007055391"}
2022-08-24 12:13:48.042  INFO 15916 --- [XNIO-1 I/O-13] lavalink.server.io.SocketServer          : {"op":"stop","guildId":"1002503868007055391"}
2022-08-24 12:13:48.043  INFO 15916 --- [XNIO-1 I/O-13] lavalink.server.io.SocketServer          : {"op":"destroy","guildId":"1002503868007055391"}
2022-08-24 12:16:51.588  INFO 15916 --- [XNIO-1 task-18] l.server.player.AudioLoaderRestHandler   : Got request to load for identifier "ytsearch:suge"
2022-08-24 12:16:51.736  INFO 15916 --- [XNIO-1 I/O-13] lavalink.server.io.SocketServer          : {"op":"voiceUpdate","guildId":"1002503868007055391","sessionId":"e3fdea71c86d2cf71e17b26e5655e05d","event":{"token":"c4a3c4aa0b66cd5f","guild_id":"1002503868007055391","endpoint":"us-east6516.discord.media:443"}}
2022-08-24 12:16:52.063  INFO 15916 --- [lava-daemon-pool-info-loader-2-thread-1] lavalink.server.player.AudioLoader       : Loaded playlist Search results for: suge
2022-08-24 12:16:52.301  INFO 15916 --- [XNIO-1 I/O-13] lavalink.server.io.SocketServer          : {"op":"play","track":"QAAAjAIALERhYmFieSAtIFN1Z2UgKFllYSBZZWEpIE9mZmljaWFsIE11c2ljIFZpZGVvAAZEYUJhYnkAAAAAAANu6AALS3Z1UU5OVnJidE0AAQAraHR0cHM6Ly93d3cueW91dHViZS5jb20vd2F0Y2g/dj1LdnVRTk5WcmJ0TQAHeW91dHViZQAAAAAAAAAA","guildId":"1002503868007055391"}
2022-08-24 12:16:57.389  INFO 15916 --- [XNIO-1 I/O-13] lavalink.server.io.SocketServer          : {"op":"stop","guildId":"1002503868007055391"}
2022-08-24 12:16:57.486  INFO 15916 --- [XNIO-1 I/O-13] lavalink.server.io.SocketServer          : {"op":"destroy","guildId":"1002503868007055391"}
2022-08-24 12:16:57.488  INFO 15916 --- [XNIO-1 I/O-13] lavalink.server.io.SocketServer          : {"op":"stop","guildId":"1002503868007055391"}
2022-08-24 12:16:57.489  INFO 15916 --- [XNIO-1 I/O-13] lavalink.server.io.SocketServer          : {"op":"destroy","guildId":"1002503868007055391"}
2022-08-24 12:20:44.101  INFO 15916 --- [XNIO-1 I/O-13] lavalink.server.io.SocketServer          : Connection closed from /127.0.0.1:50889 -- CloseStatus[code=1006, reason=]
2022-08-24 12:20:44.102  INFO 15916 --- [XNIO-1 I/O-13] lavalink.server.io.SocketContext         : Shutting down 0 playing players.
2022-08-24 12:20:46.242  INFO 15916 --- [XNIO-1 task-20] l.server.io.HandshakeInterceptorImpl     : Incoming connection from /127.0.0.1:63786
2022-08-24 12:20:46.248  INFO 15916 --- [XNIO-1 task-20] lavalink.server.io.SocketServer          : Connection successfully established from lavadeno
2022-08-24 12:20:52.526  INFO 15916 --- [XNIO-1 task-21] l.server.player.AudioLoaderRestHandler   : Got request to load for identifier "ytsearch:suge"
2022-08-24 12:20:52.592  INFO 15916 --- [XNIO-1 I/O-6] lavalink.server.io.SocketServer          : {"op":"voiceUpdate","guildId":"1002503868007055391","sessionId":"9ee7ff2663903ad3359f30c4a3be69ee","event":{"token":"b4e6e39ef28fbdc1","guild_id":"1002503868007055391","endpoint":"us-east6516.discord.media:443"}}
2022-08-24 12:20:53.107  INFO 15916 --- [lava-daemon-pool-info-loader-2-thread-1] lavalink.server.player.AudioLoader       : Loaded playlist Search results for: suge
2022-08-24 12:20:53.414  INFO 15916 --- [XNIO-1 I/O-6] lavalink.server.io.SocketServer          : {"op":"play","track":"QAAAjAIALERhYmFieSAtIFN1Z2UgKFllYSBZZWEpIE9mZmljaWFsIE11c2ljIFZpZGVvAAZEYUJhYnkAAAAAAANu6AALS3Z1UU5OVnJidE0AAQAraHR0cHM6Ly93d3cueW91dHViZS5jb20vd2F0Y2g/dj1LdnVRTk5WcmJ0TQAHeW91dHViZQAAAAAAAAAA","guildId":"1002503868007055391"}
2022-08-24 12:20:58.646  INFO 15916 --- [XNIO-1 I/O-6] lavalink.server.io.SocketServer          : {"op":"stop","guildId":"1002503868007055391"}
2022-08-24 12:20:59.950  INFO 15916 --- [XNIO-1 I/O-6] lavalink.server.io.SocketServer          : {"op":"destroy","guildId":"1002503868007055391"}
2022-08-24 12:20:59.952  INFO 15916 --- [XNIO-1 I/O-6] lavalink.server.io.SocketServer          : {"op":"stop","guildId":"1002503868007055391"}
2022-08-24 12:20:59.953  INFO 15916 --- [XNIO-1 I/O-6] lavalink.server.io.SocketServer          : {"op":"destroy","guildId":"1002503868007055391"}
2022-08-24 12:33:54.091  INFO 15916 --- [XNIO-1 I/O-6] lavalink.server.io.SocketServer          : Connection closed from /127.0.0.1:63786 -- CloseStatus[code=1006, reason=]
2022-08-24 12:33:54.092  INFO 15916 --- [XNIO-1 I/O-6] lavalink.server.io.SocketContext         : Shutting down 0 playing players.
2022-08-24 12:33:56.225  INFO 15916 --- [XNIO-1 task-23] l.server.io.HandshakeInterceptorImpl     : Incoming connection from /127.0.0.1:64012
2022-08-24 12:33:56.229  INFO 15916 --- [XNIO-1 task-23] lavalink.server.io.SocketServer          : Connection successfully established from lavadeno
2022-08-24 13:28:08.353  WARN 15916 --- [lava-daemon-pool-manager-3-thread-1] c.s.d.l.tools.GarbageCollectionMonitor   : Suspicious GC results for the last 2 minutes: [Bucket 0 = 0] [Bucket 20 = 0] [Bucket 50 = 0] [Bucket 200 = 1] [Bucket 500 = 0] [Bucket 2000 = 0] 
2022-08-24 14:40:40.896  INFO 91408 --- [main] lavalink.server.Launcher                 : 

[32m       .  [31m _                  _ _       _    [32m__ _ _
[32m      /\\ [31m| | __ ___   ____ _| (_)_ __ | | __[32m\ \ \ \
[32m     ( ( )[31m| |/ _` \ \ / / _` | | | '_ \| |/ /[32m \ \ \ \
[32m      \\/ [31m| | (_| |\ V / (_| | | | | | |   < [32m  ) ) ) )
[32m       '  [31m|_|\__,_| \_/ \__,_|_|_|_| |_|_|\_\[32m / / / /
[0m    =========================================[32m/_/_/_/[0m

	Version:        3.4
	Build:          1257
	Build time:     26.10.2021 14:18:37 UTC
	Branch          master
	Commit:         a364833
	Commit time:    26.10.2021 14:15:20 UTC
	JVM:            17.0.2
	Lavaplayer      1.3.96-original

2022-08-24 14:40:40.956  INFO 91408 --- [main] o.s.boot.SpringApplication               : 
  .   ____          _            __ _ _
 /\\ / ___'_ __ _ _(_)_ __  __ _ \ \ \ \
( ( )\___ | '_ | '_| | '_ \/ _` | \ \ \ \
 \\/  ___)| |_)| | | | | || (_| |  ) ) ) )
  '  |____| .__|_| |_|_| |_\__, | / / / /
 =========|_|==============|___/=/_/_/_/
 :: Spring Boot ::        (v2.1.8.RELEASE)


2022-08-24 14:40:41.086  INFO 91408 --- [main] lavalink.server.Launcher                 : Starting Launcher on LAPTOP-T58EIKTN with PID 91408 (D:\Hobby\Ruka5.0\Lavalink.jar started by omch1 in D:\Hobby\Ruka5.0)
2022-08-24 14:40:41.088  INFO 91408 --- [main] lavalink.server.Launcher                 : No active profile set, falling back to default profiles: default
2022-08-24 14:40:41.210  WARN 91408 --- [background-preinit] o.s.h.c.j.Jackson2ObjectMapperBuilder    : For Jackson Kotlin classes support please add "com.fasterxml.jackson.module:jackson-module-kotlin" to the classpath
2022-08-24 14:40:42.727  WARN 91408 --- [main] io.undertow.websockets.jsr               : UT026010: Buffer pool was not set on WebSocketDeploymentInfo, the default pool will be used
2022-08-24 14:40:42.761  INFO 91408 --- [main] io.undertow.servlet                      : Initializing Spring embedded WebApplicationContext
2022-08-24 14:40:42.761  INFO 91408 --- [main] o.s.web.context.ContextLoader            : Root WebApplicationContext: initialization completed in 1605 ms
2022-08-24 14:40:43.238  WARN 91408 --- [main] l.server.config.SentryConfiguration      : Turning off sentry
2022-08-24 14:40:43.655  INFO 91408 --- [main] c.s.d.l.tools.GarbageCollectionMonitor   : GC monitoring enabled, reporting results every 2 minutes.
2022-08-24 14:40:44.078  INFO 91408 --- [main] lavalink.server.config.KoeConfiguration  : OS: Windows 10, Arch: amd64
2022-08-24 14:40:44.083  WARN 91408 --- [main] lavalink.server.config.KoeConfiguration  : This system and architecture appears to not support native audio sending! GC pauses may cause your bot to stutter during playback.
2022-08-24 14:40:44.493  INFO 91408 --- [main] o.s.s.concurrent.ThreadPoolTaskExecutor  : Initializing ExecutorService 'applicationTaskExecutor'
2022-08-24 14:40:45.086  INFO 91408 --- [main] org.xnio                                 : XNIO version 3.3.8.Final
2022-08-24 14:40:45.115  INFO 91408 --- [main] org.xnio.nio                             : XNIO NIO Implementation Version 3.3.8.Final
2022-08-24 14:40:45.243  INFO 91408 --- [main] o.s.b.w.e.u.UndertowServletWebServer     : Undertow started on port(s) 2333 (http) with context path ''
2022-08-24 14:40:45.253  INFO 91408 --- [main] lavalink.server.Launcher                 : Started Launcher in 5.091 seconds (JVM running for 5.679)
2022-08-24 14:40:45.255  INFO 91408 --- [main] lavalink.server.Launcher                 : You can safely ignore the big red warning about illegal reflection. See https://github.com/freyacodes/Lavalink/issues/295
2022-08-24 14:41:47.142  INFO 91408 --- [XNIO-1 task-1] io.undertow.servlet                      : Initializing Spring DispatcherServlet 'dispatcherServlet'
2022-08-24 14:41:47.143  INFO 91408 --- [XNIO-1 task-1] o.s.web.servlet.DispatcherServlet        : Initializing Servlet 'dispatcherServlet'
2022-08-24 14:41:47.154  INFO 91408 --- [XNIO-1 task-1] o.s.web.servlet.DispatcherServlet        : Completed initialization in 11 ms
2022-08-24 14:41:47.187  INFO 91408 --- [XNIO-1 task-1] l.server.io.HandshakeInterceptorImpl     : Incoming connection from /127.0.0.1:49630
2022-08-24 14:41:47.292  INFO 91408 --- [XNIO-1 task-1] lavalink.server.io.SocketServer          : Connection successfully established from lavadeno
2022-08-24 14:42:27.320  INFO 91408 --- [XNIO-1 I/O-10] lavalink.server.io.SocketServer          : Connection closed from /127.0.0.1:49630 -- CloseStatus[code=1006, reason=]
2022-08-24 14:42:27.321  INFO 91408 --- [XNIO-1 I/O-10] lavalink.server.io.SocketContext         : Shutting down 0 playing players.
2022-08-24 14:42:28.564  INFO 91408 --- [XNIO-1 task-2] l.server.io.HandshakeInterceptorImpl     : Incoming connection from /127.0.0.1:57648
2022-08-24 14:42:28.569  INFO 91408 --- [XNIO-1 task-2] lavalink.server.io.SocketServer          : Connection successfully established from lavadeno
2022-08-24 14:43:08.214  INFO 91408 --- [XNIO-1 I/O-12] lavalink.server.io.SocketServer          : Connection closed from /127.0.0.1:57648 -- CloseStatus[code=1006, reason=]
2022-08-24 14:43:08.214  INFO 91408 --- [XNIO-1 I/O-12] lavalink.server.io.SocketContext         : Shutting down 0 playing players.
2022-08-24 14:43:10.519  INFO 91408 --- [XNIO-1 task-3] l.server.io.HandshakeInterceptorImpl     : Incoming connection from /127.0.0.1:64943
2022-08-24 14:43:10.524  INFO 91408 --- [XNIO-1 task-3] lavalink.server.io.SocketServer          : Connection successfully established from lavadeno
2022-08-24 14:43:35.606  INFO 91408 --- [XNIO-1 I/O-3] lavalink.server.io.SocketServer          : Connection closed from /127.0.0.1:64943 -- CloseStatus[code=1006, reason=]
2022-08-24 14:43:35.607  INFO 91408 --- [XNIO-1 I/O-3] lavalink.server.io.SocketContext         : Shutting down 0 playing players.
2022-08-24 14:46:14.354  INFO 91408 --- [XNIO-1 task-4] l.server.io.HandshakeInterceptorImpl     : Incoming connection from /127.0.0.1:56168
2022-08-24 14:46:14.359  INFO 91408 --- [XNIO-1 task-4] lavalink.server.io.SocketServer          : Connection successfully established from lavadeno
2022-08-24 14:47:01.385  INFO 91408 --- [XNIO-1 I/O-4] lavalink.server.io.SocketServer          : Connection closed from /127.0.0.1:56168 -- CloseStatus[code=1006, reason=]
2022-08-24 14:47:01.386  INFO 91408 --- [XNIO-1 I/O-4] lavalink.server.io.SocketContext         : Shutting down 0 playing players.
2022-08-24 14:47:13.996  INFO 91408 --- [XNIO-1 task-5] l.server.io.HandshakeInterceptorImpl     : Incoming connection from /127.0.0.1:57235
2022-08-24 14:47:14.000  INFO 91408 --- [XNIO-1 task-5] lavalink.server.io.SocketServer          : Connection successfully established from lavadeno
2022-08-24 14:47:33.362  INFO 91408 --- [XNIO-1 I/O-7] lavalink.server.io.SocketServer          : Connection closed from /127.0.0.1:57235 -- CloseStatus[code=1006, reason=]
2022-08-24 14:47:33.363  INFO 91408 --- [XNIO-1 I/O-7] lavalink.server.io.SocketContext         : Shutting down 0 playing players.
2022-08-24 14:47:35.511  INFO 91408 --- [XNIO-1 task-6] l.server.io.HandshakeInterceptorImpl     : Incoming connection from /127.0.0.1:60133
2022-08-24 14:47:35.516  INFO 91408 --- [XNIO-1 task-6] lavalink.server.io.SocketServer          : Connection successfully established from lavadeno
2022-08-24 14:48:19.108  INFO 91408 --- [XNIO-1 I/O-9] lavalink.server.io.SocketServer          : Connection closed from /127.0.0.1:60133 -- CloseStatus[code=1006, reason=]
2022-08-24 14:48:19.109  INFO 91408 --- [XNIO-1 I/O-9] lavalink.server.io.SocketContext         : Shutting down 0 playing players.
2022-08-24 14:48:21.586  INFO 91408 --- [XNIO-1 task-7] l.server.io.HandshakeInterceptorImpl     : Incoming connection from /127.0.0.1:64780
2022-08-24 14:48:21.591  INFO 91408 --- [XNIO-1 task-7] lavalink.server.io.SocketServer          : Connection successfully established from lavadeno
2022-08-24 14:50:08.684  INFO 91408 --- [XNIO-1 I/O-8] lavalink.server.io.SocketServer          : Connection closed from /127.0.0.1:64780 -- CloseStatus[code=1006, reason=]
2022-08-24 14:50:08.685  INFO 91408 --- [XNIO-1 I/O-8] lavalink.server.io.SocketContext         : Shutting down 0 playing players.
2022-08-24 14:50:10.509  INFO 91408 --- [XNIO-1 task-8] l.server.io.HandshakeInterceptorImpl     : Incoming connection from /127.0.0.1:50467
2022-08-24 14:50:10.514  INFO 91408 --- [XNIO-1 task-8] lavalink.server.io.SocketServer          : Connection successfully established from lavadeno
2022-08-24 14:50:19.931  INFO 91408 --- [XNIO-1 I/O-7] lavalink.server.io.SocketServer          : Connection closed from /127.0.0.1:50467 -- CloseStatus[code=1006, reason=]
2022-08-24 14:50:19.932  INFO 91408 --- [XNIO-1 I/O-7] lavalink.server.io.SocketContext         : Shutting down 0 playing players.
2022-08-24 14:50:22.906  INFO 91408 --- [XNIO-1 task-9] l.server.io.HandshakeInterceptorImpl     : Incoming connection from /127.0.0.1:62430
2022-08-24 14:50:22.910  INFO 91408 --- [XNIO-1 task-9] lavalink.server.io.SocketServer          : Connection successfully established from lavadeno
